app/build/intermediates/manifest_merge_blame_file/debug/processDebugMainManifest/manifest-merger-blame-debug-report.txt
1<?xml version="1.0" encoding="utf-8"?>
2<manifest xmlns:android="http://schemas.android.com/apk/res/android"
3    package="com.example.fivethreeonelifter"
4    android:versionCode="6"
5    android:versionName="2.4" >
6
7    <uses-sdk
8        android:minSdkVersion="26"
9        android:targetSdkVersion="35" />
10
11    <uses-permission android:name="android.permission.POST_NOTIFICATIONS" />
11-->src\main\AndroidManifest.xml:3:5-77
11-->src\main\AndroidManifest.xml:3:22-74
12    <uses-permission android:name="android.permission.RECEIVE_BOOT_COMPLETED" />
12-->src\main\AndroidManifest.xml:4:5-81
12-->src\main\AndroidManifest.xml:4:22-78
13
14    <application
14-->src\main\AndroidManifest.xml:5:5-31:19
15        android:allowBackup="true"
15-->src\main\AndroidManifest.xml:6:9-35
16        android:debuggable="true"
17        android:extractNativeLibs="false"
18        android:label="LiftLog"
18-->src\main\AndroidManifest.xml:7:9-32
19        android:supportsRtl="true"
19-->src\main\AndroidManifest.xml:8:9-35
20        android:theme="@style/Theme.FiveThreeOne" >
20-->src\main\AndroidManifest.xml:9:9-50
21        <receiver
21-->src\main\AndroidManifest.xml:10:9-12:40
22            android:name="com.example.fivethreeonelifter.WorkoutReminderReceiver"
22-->src\main\AndroidManifest.xml:11:13-52
23            android:exported="false" />
23-->src\main\AndroidManifest.xml:12:13-37
24        <receiver
24-->src\main\AndroidManifest.xml:13:9-21:20
25            android:name="com.example.fivethreeonelifter.BootReceiver"
25-->src\main\AndroidManifest.xml:14:13-41
26            android:enabled="true"
26-->src\main\AndroidManifest.xml:15:13-35
27            android:exported="false" >
27-->src\main\AndroidManifest.xml:16:13-37
28            <intent-filter>
28-->src\main\AndroidManifest.xml:17:13-20:29
29                <action android:name="android.intent.action.BOOT_COMPLETED" />
29-->src\main\AndroidManifest.xml:18:17-79
29-->src\main\AndroidManifest.xml:18:25-76
30                <action android:name="android.intent.action.MY_PACKAGE_REPLACED" />
30-->src\main\AndroidManifest.xml:19:17-84
30-->src\main\AndroidManifest.xml:19:25-81
31            </intent-filter>
32        </receiver>
33
34        <activity
34-->src\main\AndroidManifest.xml:23:9-30:20
35            android:name="com.example.fivethreeonelifter.MainActivity"
35-->src\main\AndroidManifest.xml:24:13-41
36            android:exported="true" >
36-->src\main\AndroidManifest.xml:25:13-36
37            <intent-filter>
37-->src\main\AndroidManifest.xml:26:13-29:29
38                <action android:name="android.intent.action.MAIN" />
38-->src\main\AndroidManifest.xml:27:17-69
38-->src\main\AndroidManifest.xml:27:25-66
39
40                <category android:name="android.intent.category.LAUNCHER" />
40-->src\main\AndroidManifest.xml:28:17-77
40-->src\main\AndroidManifest.xml:28:27-74
41            </intent-filter>
42        </activity>
43    </application>
44
45</manifest>